<?xml version="1.0" encoding="UTF-8"?>
<testng-results skipped="0" failed="0" ignored="0" total="1" passed="1">
  <reporter-output>
  </reporter-output>
  <suite name="Suite" duration-ms="29976" started-at="2020-01-12T18:36:53 IST" finished-at="2020-01-12T18:37:22 IST">
    <groups>
    </groups>
    <test name="Test" duration-ms="29976" started-at="2020-01-12T18:36:53 IST" finished-at="2020-01-12T18:37:22 IST">
      <class name="com.qa.tests.BookFlightTest">
        <test-method status="PASS" signature="setup()[pri:0, instance:com.qa.tests.BookFlightTest@610694f1]" name="setup" is-config="true" duration-ms="22423" started-at="2020-01-12T18:36:53 IST" finished-at="2020-01-12T18:37:15 IST">
          <reporter-output>
          </reporter-output>
        </test-method> <!-- setup -->
        <test-method status="PASS" signature="bookFlight()[pri:0, instance:com.qa.tests.BookFlightTest@610694f1]" name="bookFlight" duration-ms="6258" started-at="2020-01-12T18:37:15 IST" finished-at="2020-01-12T18:37:21 IST">
          <reporter-output>
          </reporter-output>
        </test-method> <!-- bookFlight -->
        <test-method status="PASS" signature="tearDown()[pri:0, instance:com.qa.tests.BookFlightTest@610694f1]" name="tearDown" is-config="true" duration-ms="1247" started-at="2020-01-12T18:37:21 IST" finished-at="2020-01-12T18:37:22 IST">
          <reporter-output>
          </reporter-output>
        </test-method> <!-- tearDown -->
      </class> <!-- com.qa.tests.BookFlightTest -->
    </test> <!-- Test -->
  </suite> <!-- Suite -->
</testng-results>
